nohup: ignoring input
[[1;34mINFO[m] Scanning for projects...
[[1;34mINFO[m] 
[[1;34mINFO[m] [1m-----------------< [0;36mcom.logistics:ecommerce-logistics[0;1m >------------------[m
[[1;34mINFO[m] [1mBuilding E-commerce Logistics Management System 1.0.0[m
[[1;34mINFO[m]   from pom.xml
[[1;34mINFO[m] [1m--------------------------------[ jar ]---------------------------------[m
[[1;34mINFO[m] 
[[1;34mINFO[m] [1m>>> [0;32mspring-boot:3.2.0:run[m [1m(default-cli)[0;1m > [0;1mtest-compile[m @ [36mecommerce-logistics[0;1m >>>[m
[[1;34mINFO[m] 
[[1;34mINFO[m] [1m--- [0;32mresources:3.3.1:resources[m [1m(default-resources)[m @ [36mecommerce-logistics[0;1m ---[m
[[1;34mINFO[m] Copying 1 resource from src/main/resources to target/classes
[[1;34mINFO[m] Copying 0 resource from src/main/resources to target/classes
[[1;34mINFO[m] 
[[1;34mINFO[m] [1m--- [0;32mcompiler:3.11.0:compile[m [1m(default-compile)[m @ [36mecommerce-logistics[0;1m ---[m
[[1;34mINFO[m] Nothing to compile - all classes are up to date
[[1;34mINFO[m] 
[[1;34mINFO[m] [1m--- [0;32mresources:3.3.1:testResources[m [1m(default-testResources)[m @ [36mecommerce-logistics[0;1m ---[m
[[1;34mINFO[m] skip non existing resourceDirectory /workspaces/E-commerce-Logistics-Management-System/backend/src/test/resources
[[1;34mINFO[m] 
[[1;34mINFO[m] [1m--- [0;32mcompiler:3.11.0:testCompile[m [1m(default-testCompile)[m @ [36mecommerce-logistics[0;1m ---[m
[[1;34mINFO[m] No sources to compile
[[1;34mINFO[m] 
[[1;34mINFO[m] [1m<<< [0;32mspring-boot:3.2.0:run[m [1m(default-cli)[0;1m < [0;1mtest-compile[m @ [36mecommerce-logistics[0;1m <<<[m
[[1;34mINFO[m] 
[[1;34mINFO[m] 
[[1;34mINFO[m] [1m--- [0;32mspring-boot:3.2.0:run[m [1m(default-cli)[m @ [36mecommerce-logistics[0;1m ---[m
[[1;34mINFO[m] Attaching agents: []
Standard Commons Logging discovery in action with spring-jcl: please remove commons-logging.jar from classpath in order to avoid potential conflicts

  .   ____          _            __ _ _
 /\\ / ___'_ __ _ _(_)_ __  __ _ \ \ \ \
( ( )\___ | '_ | '_| | '_ \/ _` | \ \ \ \
 \\/  ___)| |_)| | | | | || (_| |  ) ) ) )
  '  |____| .__|_| |_|_| |_\__, | / / / /
 =========|_|==============|___/=/_/_/_/
 :: Spring Boot ::                (v3.2.0)

2026-01-11T11:51:32.449Z  INFO 49129 --- [ecommerce-logistics] [           main] com.logistics.LogisticsApplication       : Starting LogisticsApplication using Java 21.0.9 with PID 49129 (/workspaces/E-commerce-Logistics-Management-System/backend/target/classes started by vscode in /workspaces/E-commerce-Logistics-Management-System/backend)
2026-01-11T11:51:32.451Z DEBUG 49129 --- [ecommerce-logistics] [           main] com.logistics.LogisticsApplication       : Running with Spring Boot v3.2.0, Spring v6.1.1
2026-01-11T11:51:32.452Z  INFO 49129 --- [ecommerce-logistics] [           main] com.logistics.LogisticsApplication       : No active profile set, falling back to 1 default profile: "default"
2026-01-11T11:51:33.284Z  INFO 49129 --- [ecommerce-logistics] [           main] o.s.b.w.embedded.tomcat.TomcatWebServer  : Tomcat initialized with port 8080 (http)
2026-01-11T11:51:33.291Z  INFO 49129 --- [ecommerce-logistics] [           main] o.apache.catalina.core.StandardService   : Starting service [Tomcat]
2026-01-11T11:51:33.291Z  INFO 49129 --- [ecommerce-logistics] [           main] o.apache.catalina.core.StandardEngine    : Starting Servlet engine: [Apache Tomcat/10.1.16]
2026-01-11T11:51:33.330Z  INFO 49129 --- [ecommerce-logistics] [           main] o.a.c.c.C.[Tomcat].[localhost].[/api]    : Initializing Spring embedded WebApplicationContext
2026-01-11T11:51:33.331Z  INFO 49129 --- [ecommerce-logistics] [           main] w.s.c.ServletWebServerApplicationContext : Root WebApplicationContext: initialization completed in 837 ms
Standard Commons Logging discovery in action with spring-jcl: please remove commons-logging.jar from classpath in order to avoid potential conflicts
Logging initialized using 'class org.apache.ibatis.logging.stdout.StdOutImpl' adapter.
Initialization Sequence datacenterId:0 workerId:3
 _ _   |_  _ _|_. ___ _ |    _ 
| | |\/|_)(_| | |_\  |_)||_|_\ 
     /               |         
                        3.5.5 
2026-01-11T11:51:33.914Z  INFO 49129 --- [ecommerce-logistics] [           main] o.s.b.w.embedded.tomcat.TomcatWebServer  : Tomcat started on port 8080 (http) with context path '/api'
2026-01-11T11:51:33.920Z  INFO 49129 --- [ecommerce-logistics] [           main] com.logistics.LogisticsApplication       : Started LogisticsApplication in 1.786 seconds (process running for 2.052)
=== E-commerce Logistics Management System Started Successfully ===
2026-01-11T11:51:53.443Z  INFO 49129 --- [ecommerce-logistics] [nio-8080-exec-1] o.a.c.c.C.[Tomcat].[localhost].[/api]    : Initializing Spring DispatcherServlet 'dispatcherServlet'
2026-01-11T11:51:53.444Z  INFO 49129 --- [ecommerce-logistics] [nio-8080-exec-1] o.s.web.servlet.DispatcherServlet        : Initializing Servlet 'dispatcherServlet'
2026-01-11T11:51:53.445Z  INFO 49129 --- [ecommerce-logistics] [nio-8080-exec-1] o.s.web.servlet.DispatcherServlet        : Completed initialization in 1 ms
Creating a new SqlSession
SqlSession [org.apache.ibatis.session.defaults.DefaultSqlSession@16fcfaa3] was not registered for synchronization because synchronization is not active
2026-01-11T11:51:53.527Z  INFO 49129 --- [ecommerce-logistics] [nio-8080-exec-1] com.zaxxer.hikari.HikariDataSource       : HikariPool-1 - Starting...
2026-01-11T11:51:55.169Z  INFO 49129 --- [ecommerce-logistics] [nio-8080-exec-1] com.zaxxer.hikari.pool.HikariPool        : HikariPool-1 - Added connection com.mysql.cj.jdbc.ConnectionImpl@5ee03624
2026-01-11T11:51:55.170Z  INFO 49129 --- [ecommerce-logistics] [nio-8080-exec-1] com.zaxxer.hikari.HikariDataSource       : HikariPool-1 - Start completed.
JDBC Connection [HikariProxyConnection@497478200 wrapping com.mysql.cj.jdbc.ConnectionImpl@5ee03624] will not be managed by Spring
==>  Preparing: SELECT order_id,product_id,customer_id,merchant_id,product_name,quantity,unit_price,total_amount,image_url,status,order_time,ship_time,pickup_time,delivery_time,receive_time,review_time FROM orders WHERE (customer_id = ?) ORDER BY order_time DESC
==> Parameters: 3(Integer)
<==    Columns: order_id, product_id, customer_id, merchant_id, product_name, quantity, unit_price, total_amount, image_url, status, order_time, ship_time, pickup_time, delivery_time, receive_time, review_time
<==        Row: 3, 3, 3, 1, 黑人牙膏, 10, 24.00, 240.00, https://pub-21cebd4de3484e8b91a8e06a5f6b9c78.r2.dev/goods_image/521ca6d7-a350-4751-a9a8-95cf55e9024a.jfif, 0, 2026-01-11 11:48:02, null, null, null, null, null
<==        Row: 2, 1, 3, 1, PS5游戏手柄, 1, 399.00, 399.00, https://pub-21cebd4de3484e8b91a8e06a5f6b9c78.r2.dev/goods_image/4f797f73-6b3b-4a8d-956b-d592d00a7086.jpg, 0, 2026-01-11 11:46:41, null, null, null, null, null
<==        Row: 1, 1, 3, 1, PS5游戏手柄, 1, 399.00, 399.00, https://pub-21cebd4de3484e8b91a8e06a5f6b9c78.r2.dev/goods_image/4f797f73-6b3b-4a8d-956b-d592d00a7086.jpg, 0, 2026-01-11 11:46:33, null, null, null, null, null
<==      Total: 3
Closing non transactional SqlSession [org.apache.ibatis.session.defaults.DefaultSqlSession@16fcfaa3]
Creating a new SqlSession
Registering transaction synchronization for SqlSession [org.apache.ibatis.session.defaults.DefaultSqlSession@4b370b58]
JDBC Connection [HikariProxyConnection@2045418622 wrapping com.mysql.cj.jdbc.ConnectionImpl@5ee03624] will be managed by Spring
==>  Preparing: SELECT order_id,product_id,customer_id,merchant_id,product_name,quantity,unit_price,total_amount,image_url,status,order_time,ship_time,pickup_time,delivery_time,receive_time,review_time FROM orders WHERE order_id=?
==> Parameters: 2(Integer)
<==    Columns: order_id, product_id, customer_id, merchant_id, product_name, quantity, unit_price, total_amount, image_url, status, order_time, ship_time, pickup_time, delivery_time, receive_time, review_time
<==        Row: 2, 1, 3, 1, PS5游戏手柄, 1, 399.00, 399.00, https://pub-21cebd4de3484e8b91a8e06a5f6b9c78.r2.dev/goods_image/4f797f73-6b3b-4a8d-956b-d592d00a7086.jpg, 2, 2026-01-11 11:46:41, null, null, null, null, null
<==      Total: 1
Releasing transactional SqlSession [org.apache.ibatis.session.defaults.DefaultSqlSession@4b370b58]
Fetched SqlSession [org.apache.ibatis.session.defaults.DefaultSqlSession@4b370b58] from current transaction
==>  Preparing: UPDATE orders SET product_id=?, customer_id=?, merchant_id=?, product_name=?, quantity=?, unit_price=?, total_amount=?, image_url=?, status=?, order_time=?, receive_time=? WHERE order_id=?
==> Parameters: 1(Integer), 3(Integer), 1(Integer), PS5游戏手柄(String), 1(Integer), 399.00(BigDecimal), 399.00(BigDecimal), https://pub-21cebd4de3484e8b91a8e06a5f6b9c78.r2.dev/goods_image/4f797f73-6b3b-4a8d-956b-d592d00a7086.jpg(String), 5(Integer), 2026-01-11T11:46:41(LocalDateTime), 2026-01-11T11:52:11.006320425(LocalDateTime), 2(Integer)
<==    Updates: 1
Releasing transactional SqlSession [org.apache.ibatis.session.defaults.DefaultSqlSession@4b370b58]
Transaction synchronization committing SqlSession [org.apache.ibatis.session.defaults.DefaultSqlSession@4b370b58]
Transaction synchronization deregistering SqlSession [org.apache.ibatis.session.defaults.DefaultSqlSession@4b370b58]
Transaction synchronization closing SqlSession [org.apache.ibatis.session.defaults.DefaultSqlSession@4b370b58]
2026-01-11T11:52:44.105Z  INFO 49129 --- [ecommerce-logistics] [ionShutdownHook] com.zaxxer.hikari.HikariDataSource       : HikariPool-1 - Shutdown initiated...
2026-01-11T11:52:44.110Z  INFO 49129 --- [ecommerce-logistics] [ionShutdownHook] com.zaxxer.hikari.HikariDataSource       : HikariPool-1 - Shutdown completed.
