nohup: ignoring input
[[1;34mINFO[m] Scanning for projects...
[[1;34mINFO[m] 
[[1;34mINFO[m] [1m-----------------< [0;36mcom.logistics:ecommerce-logistics[0;1m >------------------[m
[[1;34mINFO[m] [1mBuilding E-commerce Logistics Management System 1.0.0[m
[[1;34mINFO[m]   from pom.xml
[[1;34mINFO[m] [1m--------------------------------[ jar ]---------------------------------[m
[[1;34mINFO[m] 
[[1;34mINFO[m] [1m>>> [0;32mspring-boot:3.2.0:run[m [1m(default-cli)[0;1m > [0;1mtest-compile[m @ [36mecommerce-logistics[0;1m >>>[m
[[1;34mINFO[m] 
[[1;34mINFO[m] [1m--- [0;32mresources:3.3.1:resources[m [1m(default-resources)[m @ [36mecommerce-logistics[0;1m ---[m
[[1;34mINFO[m] Copying 1 resource from src/main/resources to target/classes
[[1;34mINFO[m] Copying 0 resource from src/main/resources to target/classes
[[1;34mINFO[m] 
[[1;34mINFO[m] [1m--- [0;32mcompiler:3.11.0:compile[m [1m(default-compile)[m @ [36mecommerce-logistics[0;1m ---[m
[[1;34mINFO[m] Nothing to compile - all classes are up to date
[[1;34mINFO[m] 
[[1;34mINFO[m] [1m--- [0;32mresources:3.3.1:testResources[m [1m(default-testResources)[m @ [36mecommerce-logistics[0;1m ---[m
[[1;34mINFO[m] skip non existing resourceDirectory /workspaces/E-commerce-Logistics-Management-System/backend/src/test/resources
[[1;34mINFO[m] 
[[1;34mINFO[m] [1m--- [0;32mcompiler:3.11.0:testCompile[m [1m(default-testCompile)[m @ [36mecommerce-logistics[0;1m ---[m
[[1;34mINFO[m] No sources to compile
[[1;34mINFO[m] 
[[1;34mINFO[m] [1m<<< [0;32mspring-boot:3.2.0:run[m [1m(default-cli)[0;1m < [0;1mtest-compile[m @ [36mecommerce-logistics[0;1m <<<[m
[[1;34mINFO[m] 
[[1;34mINFO[m] 
[[1;34mINFO[m] [1m--- [0;32mspring-boot:3.2.0:run[m [1m(default-cli)[m @ [36mecommerce-logistics[0;1m ---[m
[[1;34mINFO[m] Attaching agents: []
Standard Commons Logging discovery in action with spring-jcl: please remove commons-logging.jar from classpath in order to avoid potential conflicts

  .   ____          _            __ _ _
 /\\ / ___'_ __ _ _(_)_ __  __ _ \ \ \ \
( ( )\___ | '_ | '_| | '_ \/ _` | \ \ \ \
 \\/  ___)| |_)| | | | | || (_| |  ) ) ) )
  '  |____| .__|_| |_|_| |_\__, | / / / /
 =========|_|==============|___/=/_/_/_/
 :: Spring Boot ::                (v3.2.0)

2026-01-11T07:17:01.708Z  INFO 53842 --- [ecommerce-logistics] [           main] com.logistics.LogisticsApplication       : Starting LogisticsApplication using Java 21.0.9 with PID 53842 (/workspaces/E-commerce-Logistics-Management-System/backend/target/classes started by vscode in /workspaces/E-commerce-Logistics-Management-System/backend)
2026-01-11T07:17:01.709Z DEBUG 53842 --- [ecommerce-logistics] [           main] com.logistics.LogisticsApplication       : Running with Spring Boot v3.2.0, Spring v6.1.1
2026-01-11T07:17:01.710Z  INFO 53842 --- [ecommerce-logistics] [           main] com.logistics.LogisticsApplication       : No active profile set, falling back to 1 default profile: "default"
2026-01-11T07:17:02.455Z  INFO 53842 --- [ecommerce-logistics] [           main] o.s.b.w.embedded.tomcat.TomcatWebServer  : Tomcat initialized with port 8080 (http)
2026-01-11T07:17:02.470Z  INFO 53842 --- [ecommerce-logistics] [           main] o.apache.catalina.core.StandardService   : Starting service [Tomcat]
2026-01-11T07:17:02.470Z  INFO 53842 --- [ecommerce-logistics] [           main] o.apache.catalina.core.StandardEngine    : Starting Servlet engine: [Apache Tomcat/10.1.16]
2026-01-11T07:17:02.505Z  INFO 53842 --- [ecommerce-logistics] [           main] o.a.c.c.C.[Tomcat].[localhost].[/api]    : Initializing Spring embedded WebApplicationContext
2026-01-11T07:17:02.506Z  INFO 53842 --- [ecommerce-logistics] [           main] w.s.c.ServletWebServerApplicationContext : Root WebApplicationContext: initialization completed in 760 ms
Standard Commons Logging discovery in action with spring-jcl: please remove commons-logging.jar from classpath in order to avoid potential conflicts
Logging initialized using 'class org.apache.ibatis.logging.stdout.StdOutImpl' adapter.
Initialization Sequence datacenterId:0 workerId:8
 _ _   |_  _ _|_. ___ _ |    _ 
| | |\/|_)(_| | |_\  |_)||_|_\ 
     /               |         
                        3.5.5 
2026-01-11T07:17:03.061Z  INFO 53842 --- [ecommerce-logistics] [           main] o.s.b.w.embedded.tomcat.TomcatWebServer  : Tomcat started on port 8080 (http) with context path '/api'
2026-01-11T07:17:03.067Z  INFO 53842 --- [ecommerce-logistics] [           main] com.logistics.LogisticsApplication       : Started LogisticsApplication in 1.675 seconds (process running for 1.926)
=== E-commerce Logistics Management System Started Successfully ===
2026-01-11T07:18:53.068Z  INFO 53842 --- [ecommerce-logistics] [nio-8080-exec-1] o.a.c.c.C.[Tomcat].[localhost].[/api]    : Initializing Spring DispatcherServlet 'dispatcherServlet'
2026-01-11T07:18:53.068Z  INFO 53842 --- [ecommerce-logistics] [nio-8080-exec-1] o.s.web.servlet.DispatcherServlet        : Initializing Servlet 'dispatcherServlet'
2026-01-11T07:18:53.070Z  INFO 53842 --- [ecommerce-logistics] [nio-8080-exec-1] o.s.web.servlet.DispatcherServlet        : Completed initialization in 1 ms
2026-01-11T07:18:53.141Z  WARN 53842 --- [ecommerce-logistics] [nio-8080-exec-1] .w.s.m.s.DefaultHandlerExceptionResolver : Resolved [org.springframework.web.bind.MethodArgumentNotValidException: Validation failed for argument [0] in public com.logistics.common.Result<com.logistics.entity.Inventory> com.logistics.controller.InventoryController.stockIn(com.logistics.dto.StockInRequest,org.springframework.web.multipart.MultipartFile) with 4 errors: [Field error in object 'stockInRequest' on field 'stockInDate': rejected value [null]; codes [NotNull.stockInRequest.stockInDate,NotNull.stockInDate,NotNull.java.time.LocalDateTime,NotNull]; arguments [org.springframework.context.support.DefaultMessageSourceResolvable: codes [stockInRequest.stockInDate,stockInDate]; arguments []; default message [stockInDate]]; default message [入库日期不能为空]] [Field error in object 'stockInRequest' on field 'quantity': rejected value [null]; codes [NotNull.stockInRequest.quantity,NotNull.quantity,NotNull.java.lang.Integer,NotNull]; arguments [org.springframework.context.support.DefaultMessageSourceResolvable: codes [stockInRequest.quantity,quantity]; arguments []; default message [quantity]]; default message [入库数量不能为空]] [Field error in object 'stockInRequest' on field 'productName': rejected value [null]; codes [NotBlank.stockInRequest.productName,NotBlank.productName,NotBlank.java.lang.String,NotBlank]; arguments [org.springframework.context.support.DefaultMessageSourceResolvable: codes [stockInRequest.productName,productName]; arguments []; default message [productName]]; default message [商品名称不能为空]] [Field error in object 'stockInRequest' on field 'userId': rejected value [null]; codes [NotNull.stockInRequest.userId,NotNull.userId,NotNull.java.lang.Integer,NotNull]; arguments [org.springframework.context.support.DefaultMessageSourceResolvable: codes [stockInRequest.userId,userId]; arguments []; default message [userId]]; default message [用户ID不能为空]] ]
